[ 2023-06-08 13:17:54,967 ] 27 root - INFO - Data Ingestion methods Starts
[ 2023-06-08 13:17:54,967 ] 30 root - INFO - Dataset read as pandas Dataframe
[ 2023-06-08 13:17:54,983 ] 34 root - INFO - Train test split
[ 2023-06-08 13:17:54,983 ] 40 root - INFO - Ingestion of Data is completed
[ 2023-06-08 13:17:55,030 ] 46 root - INFO - Read train and test data completed
[ 2023-06-08 13:17:55,045 ] 47 root - INFO - Train Dataframe Head : 
    Loan_ID Gender Married Dependents Education Self_Employed  ApplicantIncome  CoapplicantIncome  LoanAmount  Loan_Amount_Term  Credit_History Property_Area Loan_Status
0  LP001273   Male     Yes          0  Graduate            No             6000             2250.0       265.0             360.0             NaN     Semiurban           N
1  LP001316   Male     Yes          0  Graduate            No             2958             2900.0       131.0             360.0             1.0     Semiurban           Y
2  LP001758   Male     Yes          2  Graduate            No             6250             1695.0       210.0             360.0             1.0     Semiurban           Y
3  LP002537   Male     Yes          0  Graduate            No             2083             3150.0       128.0             360.0             1.0     Semiurban           Y
4  LP002493   Male      No          0  Graduate            No             4166                0.0        98.0             360.0             0.0     Semiurban           N
[ 2023-06-08 13:17:55,045 ] 48 root - INFO - Test Dataframe Head  : 
    Loan_ID  Gender Married Dependents Education Self_Employed  ApplicantIncome  CoapplicantIncome  LoanAmount  Loan_Amount_Term  Credit_History Property_Area Loan_Status
0  LP002139    Male     Yes          0  Graduate            No             9083                0.0       228.0             360.0             1.0     Semiurban           Y
1  LP002223    Male     Yes          0  Graduate            No             4310                0.0       130.0             360.0             NaN     Semiurban           Y
2  LP001570    Male     Yes          2  Graduate            No             4167             1447.0       158.0             360.0             1.0         Rural           Y
3  LP002978  Female      No          0  Graduate            No             2900                0.0        71.0             360.0             1.0         Rural           Y
4  LP001478    Male      No          0  Graduate            No             2718                0.0        70.0             360.0             1.0     Semiurban           Y
[ 2023-06-08 13:17:55,045 ] 50 root - INFO - Obtaining preprocessing object
[ 2023-06-08 13:17:55,045 ] 27 root - INFO - Data Transformation initiated
[ 2023-06-08 13:17:55,069 ] 33 root - INFO - Data Transformation initiated
[ 2023-06-08 13:17:55,081 ] 77 root - INFO - Preprocessed csv's file saved
[ 2023-06-08 13:17:55,081 ] 29 root - INFO - Splitting Dependent and Independent variables from train and test data
[ 2023-06-08 13:17:55,151 ] 47 root - INFO - Confusion Matrix on Test Data
[ 2023-06-08 13:17:55,222 ] 48 root - INFO - Predicted  False  True  All
True                       
False         18    25   43
True           2    78   80
All           20   103  123
